# JRE version: Java(TM) SE Runtime Environment 18.9 (11.0.7+8) (build 11.0.7+8-LTS)
# Java VM: Java HotSpot(TM) 64-Bit Server VM 18.9 (11.0.7+8-LTS, mixed mode, tiered, compressed oops, g1 gc, windows-amd64)
Heap:
 garbage-first heap   total 103424K, used 71904K [0x0000000082e00000, 0x0000000100000000)
  region size 1024K, 9 young (9216K), 2 survivors (2048K)
 Metaspace       used 89873K, capacity 93562K, committed 93696K, reserved 1130496K
  class space    used 10719K, capacity 12023K, committed 12032K, reserved 1048576K
GC Heap History (10 events):
Event: 1080.602 GC heap before
{Heap before GC invocations=269 (full 9):
 garbage-first heap   total 103424K, used 87392K [0x0000000082e00000, 0x0000000100000000)
  region size 1024K, 22 young (22528K), 1 survivors (1024K)
 Metaspace       used 89792K, capacity 93515K, committed 93696K, reserved 1130496K
  class space    used 10705K, capacity 11987K, committed 12032K, reserved 1048576K
}
Event: 1080.602 GC heap after
{Heap after GC invocations=270 (full 9):
 garbage-first heap   total 103424K, used 65813K [0x0000000082e00000, 0x0000000100000000)
  region size 1024K, 1 young (1024K), 1 survivors (1024K)
 Metaspace       used 89792K, capacity 93515K, committed 93696K, reserved 1130496K
  class space    used 10705K, capacity 11987K, committed 12032K, reserved 1048576K
}
Event: 1083.608 GC heap before
{Heap before GC invocations=270 (full 9):
 garbage-first heap   total 103424K, used 69909K [0x0000000082e00000, 0x0000000100000000)
  region size 1024K, 5 young (5120K), 1 survivors (1024K)
 Metaspace       used 89792K, capacity 93515K, committed 93696K, reserved 1130496K
  class space    used 10705K, capacity 11987K, committed 12032K, reserved 1048576K
}
Event: 1083.609 GC heap after
{Heap after GC invocations=271 (full 9):
 garbage-first heap   total 103424K, used 65694K [0x0000000082e00000, 0x0000000100000000)
  region size 1024K, 1 young (1024K), 1 survivors (1024K)
 Metaspace       used 89792K, capacity 93515K, committed 93696K, reserved 1130496K
  class space    used 10705K, capacity 11987K, committed 12032K, reserved 1048576K
}
Event: 1100.767 GC heap before
{Heap before GC invocations=271 (full 9):
 garbage-first heap   total 103424K, used 87198K [0x0000000082e00000, 0x0000000100000000)
  region size 1024K, 22 young (22528K), 1 survivors (1024K)
 Metaspace       used 89792K, capacity 93515K, committed 93696K, reserved 1130496K
  class space    used 10705K, capacity 11987K, committed 12032K, reserved 1048576K
}
Event: 1100.768 GC heap after
{Heap after GC invocations=272 (full 9):
 garbage-first heap   total 103424K, used 65613K [0x0000000082e00000, 0x0000000100000000)
  region size 1024K, 1 young (1024K), 1 survivors (1024K)
 Metaspace       used 89792K, capacity 93515K, committed 93696K, reserved 1130496K
  class space    used 10705K, capacity 11987K, committed 12032K, reserved 1048576K
}
Event: 1112.648 GC heap before
{Heap before GC invocations=273 (full 9):
 garbage-first heap   total 103424K, used 87117K [0x0000000082e00000, 0x0000000100000000)
  region size 1024K, 23 young (23552K), 1 survivors (1024K)
 Metaspace       used 89800K, capacity 93521K, committed 93696K, reserved 1130496K
  class space    used 10706K, capacity 11988K, committed 12032K, reserved 1048576K
}
Event: 1112.649 GC heap after
{Heap after GC invocations=274 (full 9):
 garbage-first heap   total 103424K, used 66128K [0x0000000082e00000, 0x0000000100000000)
  region size 1024K, 1 young (1024K), 1 survivors (1024K)
 Metaspace       used 89800K, capacity 93521K, committed 93696K, reserved 1130496K
  class space    used 10706K, capacity 11988K, committed 12032K, reserved 1048576K
}
Event: 1444.943 GC heap before
{Heap before GC invocations=274 (full 9):
 garbage-first heap   total 103424K, used 87632K [0x0000000082e00000, 0x0000000100000000)
  region size 1024K, 22 young (22528K), 1 survivors (1024K)
 Metaspace       used 89825K, capacity 93556K, committed 93696K, reserved 1130496K
  class space    used 10712K, capacity 12021K, committed 12032K, reserved 1048576K
}
Event: 1444.946 GC heap after
{Heap after GC invocations=275 (full 9):
 garbage-first heap   total 103424K, used 66784K [0x0000000082e00000, 0x0000000100000000)
  region size 1024K, 2 young (2048K), 2 survivors (2048K)
 Metaspace       used 89825K, capacity 93556K, committed 93696K, reserved 1130496K
  class space    used 10712K, capacity 12021K, committed 12032K, reserved 1048576K
}

